<?xml version="1.0" encoding="UTF-8"?>
<!-- Generated by org.testng.reporters.JUnitXMLReporter -->
<testsuite hostname="DESKTOP-OUFINQS" ignored="0" name="Default test" tests="4" failures="0" timestamp="19 Jun 2021 16:19:38 GMT" time="5.231" errors="0">
  <testcase name="addBook" time="3.882" classname="Files.DynamicJson"/>
  <testcase name="addBook" time="0.425" classname="Files.DynamicJson"/>
  <testcase name="addBook" time="0.443" classname="Files.DynamicJson"/>
  <testcase name="addBook" time="0.422" classname="Files.DynamicJson"/>
</testsuite> <!-- Default test -->
